{
  "stats": {
    "suites": 4,
    "tests": 11,
    "passes": 11,
    "pending": 0,
    "failures": 0,
    "start": "2023-04-20T10:58:19.962Z",
    "end": "2023-04-20T10:58:19.985Z",
    "duration": 23,
    "testsRegistered": 11,
    "passPercent": 100,
    "pendingPercent": 0,
    "other": 0,
    "hasOther": false,
    "skipped": 0,
    "hasSkipped": false
  },
  "results": [
    {
      "uuid": "96109527-0379-45bd-80a6-73be5696a06e",
      "title": "",
      "fullFile": "",
      "file": "",
      "beforeHooks": [],
      "afterHooks": [],
      "tests": [],
      "suites": [
        {
          "uuid": "2eecc289-7c1b-4fc5-93bc-a619dcd942d9",
          "title": "Calculator",
          "fullFile": "C:\\Users\\Andrei_Kramski\\source\\repos\\Unit testing with NodeJS\\test\\specs\\isCalculatorWork.spec.js",
          "file": "\\test\\specs\\isCalculatorWork.spec.js",
          "beforeHooks": [
            {
              "title": "\"before each\" hook in \"Calculator\"",
              "fullTitle": "Calculator \"before each\" hook in \"Calculator\"",
              "timedOut": false,
              "duration": 0,
              "state": null,
              "speed": null,
              "pass": false,
              "fail": false,
              "pending": false,
              "context": null,
              "code": "calculator = new Calculator();",
              "err": {},
              "uuid": "bef23276-253e-4d29-887a-7fe350e08bf3",
              "parentUUID": "2eecc289-7c1b-4fc5-93bc-a619dcd942d9",
              "isHook": true,
              "skipped": false
            }
          ],
          "afterHooks": [],
          "tests": [],
          "suites": [
            {
              "uuid": "67843aed-3258-4821-bdf2-947622256e5d",
              "title": "getSummation",
              "fullFile": "C:\\Users\\Andrei_Kramski\\source\\repos\\Unit testing with NodeJS\\test\\specs\\isCalculatorWork.spec.js",
              "file": "\\test\\specs\\isCalculatorWork.spec.js",
              "beforeHooks": [],
              "afterHooks": [],
              "tests": [
                {
                  "title": "should return the sum of two positive numbers",
                  "fullTitle": "Calculator getSummation should return the sum of two positive numbers",
                  "timedOut": false,
                  "duration": 1,
                  "state": "passed",
                  "speed": "fast",
                  "pass": true,
                  "fail": false,
                  "pending": false,
                  "context": null,
                  "code": "expect(calculator.getSummation(2, 3)).to.be.equals(5);",
                  "err": {},
                  "uuid": "8c6453ab-6042-4fa7-9dfc-03ef58cd7a5e",
                  "parentUUID": "67843aed-3258-4821-bdf2-947622256e5d",
                  "isHook": false,
                  "skipped": false
                },
                {
                  "title": "should return the sum of two negative numbers",
                  "fullTitle": "Calculator getSummation should return the sum of two negative numbers",
                  "timedOut": false,
                  "duration": 0,
                  "state": "passed",
                  "speed": "fast",
                  "pass": true,
                  "fail": false,
                  "pending": false,
                  "context": null,
                  "code": "expect(calculator.getSummation(-2, -3)).to.be.equals(-5);",
                  "err": {},
                  "uuid": "e29a6998-870c-4565-9751-ba27df80e8f2",
                  "parentUUID": "67843aed-3258-4821-bdf2-947622256e5d",
                  "isHook": false,
                  "skipped": false
                },
                {
                  "title": "should throw an error if one argument is not a number",
                  "fullTitle": "Calculator getSummation should throw an error if one argument is not a number",
                  "timedOut": false,
                  "duration": 0,
                  "state": "passed",
                  "speed": "fast",
                  "pass": true,
                  "fail": false,
                  "pending": false,
                  "context": null,
                  "code": "expect(() => calculator.getSummation(2, '3')).Throw('is not a numeral');",
                  "err": {},
                  "uuid": "2f6fa9ef-39fb-4f22-b2a0-deb698f48869",
                  "parentUUID": "67843aed-3258-4821-bdf2-947622256e5d",
                  "isHook": false,
                  "skipped": false
                }
              ],
              "suites": [],
              "passes": [
                "8c6453ab-6042-4fa7-9dfc-03ef58cd7a5e",
                "e29a6998-870c-4565-9751-ba27df80e8f2",
                "2f6fa9ef-39fb-4f22-b2a0-deb698f48869"
              ],
              "failures": [],
              "pending": [],
              "skipped": [],
              "duration": 1,
              "root": false,
              "rootEmpty": false,
              "_timeout": 2000
            },
            {
              "uuid": "debd95ef-5cbd-46a9-8acc-6f11f9129949",
              "title": "getMultiplication",
              "fullFile": "C:\\Users\\Andrei_Kramski\\source\\repos\\Unit testing with NodeJS\\test\\specs\\isCalculatorWork.spec.js",
              "file": "\\test\\specs\\isCalculatorWork.spec.js",
              "beforeHooks": [],
              "afterHooks": [],
              "tests": [
                {
                  "title": "should return the product of two positive numbers",
                  "fullTitle": "Calculator getMultiplication should return the product of two positive numbers",
                  "timedOut": false,
                  "duration": 0,
                  "state": "passed",
                  "speed": "fast",
                  "pass": true,
                  "fail": false,
                  "pending": false,
                  "context": null,
                  "code": "expect(calculator.getMultiplication(2, 3)).to.be.equals(6);",
                  "err": {},
                  "uuid": "db1f01bf-440e-4604-86c3-7817ba3412b2",
                  "parentUUID": "debd95ef-5cbd-46a9-8acc-6f11f9129949",
                  "isHook": false,
                  "skipped": false
                },
                {
                  "title": "should return the product of a positive and a negative number",
                  "fullTitle": "Calculator getMultiplication should return the product of a positive and a negative number",
                  "timedOut": false,
                  "duration": 0,
                  "state": "passed",
                  "speed": "fast",
                  "pass": true,
                  "fail": false,
                  "pending": false,
                  "context": null,
                  "code": "expect(calculator.getMultiplication(2, -3)).to.be.equals(-6);",
                  "err": {},
                  "uuid": "5a6ebcd8-dd09-43e3-8c85-c7a3e33aca1f",
                  "parentUUID": "debd95ef-5cbd-46a9-8acc-6f11f9129949",
                  "isHook": false,
                  "skipped": false
                },
                {
                  "title": "should throw an error if one argument is not a number",
                  "fullTitle": "Calculator getMultiplication should throw an error if one argument is not a number",
                  "timedOut": false,
                  "duration": 0,
                  "state": "passed",
                  "speed": "fast",
                  "pass": true,
                  "fail": false,
                  "pending": false,
                  "context": null,
                  "code": "// eslint-disable-next-line max-len\nexpect(() => calculator.getMultiplication(2, '3')).Throw('is not a numeral');",
                  "err": {},
                  "uuid": "59da993f-e9c2-4242-b958-cfa8c1627745",
                  "parentUUID": "debd95ef-5cbd-46a9-8acc-6f11f9129949",
                  "isHook": false,
                  "skipped": false
                }
              ],
              "suites": [],
              "passes": [
                "db1f01bf-440e-4604-86c3-7817ba3412b2",
                "5a6ebcd8-dd09-43e3-8c85-c7a3e33aca1f",
                "59da993f-e9c2-4242-b958-cfa8c1627745"
              ],
              "failures": [],
              "pending": [],
              "skipped": [],
              "duration": 0,
              "root": false,
              "rootEmpty": false,
              "_timeout": 2000
            }
          ],
          "passes": [],
          "failures": [],
          "pending": [],
          "skipped": [],
          "duration": 0,
          "root": false,
          "rootEmpty": false,
          "_timeout": 2000
        },
        {
          "uuid": "1d5d03a3-118d-4562-b8a0-d902e579c8b5",
          "title": "isNumberEven positive scenarios",
          "fullFile": "C:\\Users\\Andrei_Kramski\\source\\repos\\Unit testing with NodeJS\\test\\specs\\isNumberEven.spec.js",
          "file": "\\test\\specs\\isNumberEven.spec.js",
          "beforeHooks": [
            {
              "title": "\"before each\" hook in \"isNumberEven positive scenarios\"",
              "fullTitle": "isNumberEven positive scenarios \"before each\" hook in \"isNumberEven positive scenarios\"",
              "timedOut": false,
              "duration": 0,
              "state": null,
              "speed": null,
              "pass": false,
              "fail": false,
              "pending": false,
              "context": null,
              "code": "validator = new NumbersValidator();",
              "err": {},
              "uuid": "5a707309-76f8-4e67-880b-750f1503a2a7",
              "parentUUID": "1d5d03a3-118d-4562-b8a0-d902e579c8b5",
              "isHook": true,
              "skipped": false
            }
          ],
          "afterHooks": [
            {
              "title": "\"after each\" hook in \"isNumberEven positive scenarios\"",
              "fullTitle": "isNumberEven positive scenarios \"after each\" hook in \"isNumberEven positive scenarios\"",
              "timedOut": false,
              "duration": 0,
              "state": null,
              "speed": null,
              "pass": false,
              "fail": false,
              "pending": false,
              "context": null,
              "code": "validator = null;",
              "err": {},
              "uuid": "14d7e015-6562-4eaa-8f0c-44989612ee62",
              "parentUUID": "1d5d03a3-118d-4562-b8a0-d902e579c8b5",
              "isHook": true,
              "skipped": false
            }
          ],
          "tests": [
            {
              "title": "shoult return true if number is even",
              "fullTitle": "isNumberEven positive scenarios shoult return true if number is even",
              "timedOut": false,
              "duration": 0,
              "state": "passed",
              "speed": "fast",
              "pass": true,
              "fail": false,
              "pending": false,
              "context": null,
              "code": "expect(validator.isNumberEven(2)).to.be.equal(true);",
              "err": {},
              "uuid": "57dda099-8722-45be-9359-781887b2e789",
              "parentUUID": "1d5d03a3-118d-4562-b8a0-d902e579c8b5",
              "isHook": false,
              "skipped": false
            },
            {
              "title": "shoult return true if number is odd",
              "fullTitle": "isNumberEven positive scenarios shoult return true if number is odd",
              "timedOut": false,
              "duration": 0,
              "state": "passed",
              "speed": "fast",
              "pass": true,
              "fail": false,
              "pending": false,
              "context": null,
              "code": "expect(validator.isNumberEven(3)).to.be.equal(false);",
              "err": {},
              "uuid": "18b7417c-ec67-4624-ae08-a328e74e100c",
              "parentUUID": "1d5d03a3-118d-4562-b8a0-d902e579c8b5",
              "isHook": false,
              "skipped": false
            },
            {
              "title": "chai test Object",
              "fullTitle": "isNumberEven positive scenarios chai test Object",
              "timedOut": false,
              "duration": 1,
              "state": "passed",
              "speed": "fast",
              "pass": true,
              "fail": false,
              "pending": false,
              "context": null,
              "code": "expect({a: 1, b: 'apple'}).to.be.eql({a: 1, b: 'apple'});",
              "err": {},
              "uuid": "738c9e35-6748-4375-b43f-64d4fc348b9f",
              "parentUUID": "1d5d03a3-118d-4562-b8a0-d902e579c8b5",
              "isHook": false,
              "skipped": false
            },
            {
              "title": "chai test Array",
              "fullTitle": "isNumberEven positive scenarios chai test Array",
              "timedOut": false,
              "duration": 1,
              "state": "passed",
              "speed": "fast",
              "pass": true,
              "fail": false,
              "pending": false,
              "context": null,
              "code": "expect([1, 'apple']).to.be.eql([1, 'apple']);",
              "err": {},
              "uuid": "d4182526-3f65-4310-9297-ce3baaa04638",
              "parentUUID": "1d5d03a3-118d-4562-b8a0-d902e579c8b5",
              "isHook": false,
              "skipped": false
            },
            {
              "title": "chai test array Length",
              "fullTitle": "isNumberEven positive scenarios chai test array Length",
              "timedOut": false,
              "duration": 1,
              "state": "passed",
              "speed": "fast",
              "pass": true,
              "fail": false,
              "pending": false,
              "context": null,
              "code": "expect([1, 'apple']).to.have.length(2);",
              "err": {},
              "uuid": "6096d42c-3ce4-4923-9ccc-7524ec25e38f",
              "parentUUID": "1d5d03a3-118d-4562-b8a0-d902e579c8b5",
              "isHook": false,
              "skipped": false
            }
          ],
          "suites": [],
          "passes": [
            "57dda099-8722-45be-9359-781887b2e789",
            "18b7417c-ec67-4624-ae08-a328e74e100c",
            "738c9e35-6748-4375-b43f-64d4fc348b9f",
            "d4182526-3f65-4310-9297-ce3baaa04638",
            "6096d42c-3ce4-4923-9ccc-7524ec25e38f"
          ],
          "failures": [],
          "pending": [],
          "skipped": [],
          "duration": 3,
          "root": false,
          "rootEmpty": false,
          "_timeout": 2000
        }
      ],
      "passes": [],
      "failures": [],
      "pending": [],
      "skipped": [],
      "duration": 0,
      "root": true,
      "rootEmpty": true,
      "_timeout": 2000
    }
  ],
  "meta": {
    "mocha": {
      "version": "10.2.0"
    },
    "mochawesome": {
      "options": {
        "quiet": false,
        "reportFilename": "mochawesome",
        "saveHtml": true,
        "saveJson": true,
        "consoleReporter": "spec",
        "useInlineDiffs": false,
        "code": true
      },
      "version": "7.1.3"
    },
    "marge": {
      "options": null,
      "version": "6.2.0"
    }
  }
}