{
  "stats": {
    "suites": 1,
    "tests": 5,
    "passes": 5,
    "pending": 0,
    "failures": 0,
    "start": "2023-04-19T14:50:54.955Z",
    "end": "2023-04-19T14:50:54.968Z",
    "duration": 13,
    "testsRegistered": 5,
    "passPercent": 100,
    "pendingPercent": 0,
    "other": 0,
    "hasOther": false,
    "skipped": 0,
    "hasSkipped": false
  },
  "results": [
    {
      "uuid": "eec939ab-9362-4198-8fd8-e5a1cb8d631b",
      "title": "",
      "fullFile": "C:\\Users\\Andrei_Kramski\\source\\repos\\Unit testing with NodeJS\\test\\specs\\isNumberEven.spec.js",
      "file": "\\test\\specs\\isNumberEven.spec.js",
      "beforeHooks": [],
      "afterHooks": [],
      "tests": [],
      "suites": [
        {
          "uuid": "8928578d-5e31-4152-8ff3-60f6758170cf",
          "title": "isNumberEven positive scenarios",
          "fullFile": "C:\\Users\\Andrei_Kramski\\source\\repos\\Unit testing with NodeJS\\test\\specs\\isNumberEven.spec.js",
          "file": "\\test\\specs\\isNumberEven.spec.js",
          "beforeHooks": [
            {
              "title": "\"before each\" hook in \"isNumberEven positive scenarios\"",
              "fullTitle": "isNumberEven positive scenarios \"before each\" hook in \"isNumberEven positive scenarios\"",
              "timedOut": false,
              "duration": 0,
              "state": null,
              "speed": null,
              "pass": false,
              "fail": false,
              "pending": false,
              "context": null,
              "code": "validator = new NumbersValidator();",
              "err": {},
              "uuid": "803dc8f6-ebce-4533-9242-af20574977d0",
              "parentUUID": "8928578d-5e31-4152-8ff3-60f6758170cf",
              "isHook": true,
              "skipped": false
            }
          ],
          "afterHooks": [
            {
              "title": "\"after each\" hook in \"isNumberEven positive scenarios\"",
              "fullTitle": "isNumberEven positive scenarios \"after each\" hook in \"isNumberEven positive scenarios\"",
              "timedOut": false,
              "duration": 0,
              "state": null,
              "speed": null,
              "pass": false,
              "fail": false,
              "pending": false,
              "context": null,
              "code": "validator = null;",
              "err": {},
              "uuid": "ce14408b-db55-4030-a29b-b4890a920fff",
              "parentUUID": "8928578d-5e31-4152-8ff3-60f6758170cf",
              "isHook": true,
              "skipped": false
            }
          ],
          "tests": [
            {
              "title": "shoult return true if number is even",
              "fullTitle": "isNumberEven positive scenarios shoult return true if number is even",
              "timedOut": false,
              "duration": 0,
              "state": "passed",
              "speed": "fast",
              "pass": true,
              "fail": false,
              "pending": false,
              "context": null,
              "code": "expect(validator.isNumberEven(2)).to.be.equal(true);",
              "err": {},
              "uuid": "16ba5d88-af99-4723-8550-871878284c24",
              "parentUUID": "8928578d-5e31-4152-8ff3-60f6758170cf",
              "isHook": false,
              "skipped": false
            },
            {
              "title": "shoult return true if number is odd",
              "fullTitle": "isNumberEven positive scenarios shoult return true if number is odd",
              "timedOut": false,
              "duration": 0,
              "state": "passed",
              "speed": "fast",
              "pass": true,
              "fail": false,
              "pending": false,
              "context": null,
              "code": "expect(validator.isNumberEven(3)).to.be.equal(false);",
              "err": {},
              "uuid": "bbed49bb-942b-434d-b2f9-af4bc3c63e1f",
              "parentUUID": "8928578d-5e31-4152-8ff3-60f6758170cf",
              "isHook": false,
              "skipped": false
            },
            {
              "title": "chai test Object",
              "fullTitle": "isNumberEven positive scenarios chai test Object",
              "timedOut": false,
              "duration": 1,
              "state": "passed",
              "speed": "fast",
              "pass": true,
              "fail": false,
              "pending": false,
              "context": null,
              "code": "expect({a: 1, b: 'apple'}).to.be.eql({a: 1, b: 'apple'});",
              "err": {},
              "uuid": "560abaca-e6f1-4779-b315-7560c7fc570b",
              "parentUUID": "8928578d-5e31-4152-8ff3-60f6758170cf",
              "isHook": false,
              "skipped": false
            },
            {
              "title": "chai test Array",
              "fullTitle": "isNumberEven positive scenarios chai test Array",
              "timedOut": false,
              "duration": 0,
              "state": "passed",
              "speed": "fast",
              "pass": true,
              "fail": false,
              "pending": false,
              "context": null,
              "code": "expect([1, 'apple']).to.be.eql([1, 'apple']);",
              "err": {},
              "uuid": "e8dc8b6d-6fe3-4bdb-8178-586a5a222f0b",
              "parentUUID": "8928578d-5e31-4152-8ff3-60f6758170cf",
              "isHook": false,
              "skipped": false
            },
            {
              "title": "chai test array Length",
              "fullTitle": "isNumberEven positive scenarios chai test array Length",
              "timedOut": false,
              "duration": 2,
              "state": "passed",
              "speed": "fast",
              "pass": true,
              "fail": false,
              "pending": false,
              "context": null,
              "code": "expect([1, 'apple']).to.have.length(2);",
              "err": {},
              "uuid": "3de39966-ee05-4d2c-b0ba-8c7669884229",
              "parentUUID": "8928578d-5e31-4152-8ff3-60f6758170cf",
              "isHook": false,
              "skipped": false
            }
          ],
          "suites": [],
          "passes": [
            "16ba5d88-af99-4723-8550-871878284c24",
            "bbed49bb-942b-434d-b2f9-af4bc3c63e1f",
            "560abaca-e6f1-4779-b315-7560c7fc570b",
            "e8dc8b6d-6fe3-4bdb-8178-586a5a222f0b",
            "3de39966-ee05-4d2c-b0ba-8c7669884229"
          ],
          "failures": [],
          "pending": [],
          "skipped": [],
          "duration": 3,
          "root": false,
          "rootEmpty": false,
          "_timeout": 2000
        }
      ],
      "passes": [],
      "failures": [],
      "pending": [],
      "skipped": [],
      "duration": 0,
      "root": true,
      "rootEmpty": true,
      "_timeout": 2000
    }
  ],
  "meta": {
    "mocha": {
      "version": "10.2.0"
    },
    "mochawesome": {
      "options": {
        "quiet": false,
        "reportFilename": "mochawesome",
        "saveHtml": true,
        "saveJson": true,
        "consoleReporter": "spec",
        "useInlineDiffs": false,
        "code": true
      },
      "version": "7.1.3"
    },
    "marge": {
      "options": null,
      "version": "6.2.0"
    }
  }
}